Start testing: Oct 17 16:19 +07
----------------------------------------------------------
1/1 Testing: BGACoreTests
1/1 Test: BGACoreTests
Command: "/home/jop/work/chanomhub/NST_library/BGA/build/tests/BGACoreTests"
Directory: /home/jop/work/chanomhub/NST_library/BGA/build/tests
"BGACoreTests" start time: Oct 17 16:19 +07
Output:
----------------------------------------------------------
********* Start testing of AnalyzerInterfaceTests *********
Config: Using QtTest library 6.9.2, Qt 6.9.2 (x86_64-little_endian-lp64 shared (dynamic) release build; by GCC 15.2.1 20250808 (Red Hat 15.2.1-1)), fedora 43
PASS   : AnalyzerInterfaceTests::initTestCase()
PASS   : AnalyzerInterfaceTests::testAnalyzerOutput()
PASS   : AnalyzerInterfaceTests::cleanupTestCase()
Totals: 3 passed, 0 failed, 0 skipped, 0 blacklisted, 0ms
********* Finished testing of AnalyzerInterfaceTests *********
<end of output>
Test time =   0.01 sec
----------------------------------------------------------
Test Passed.
"BGACoreTests" end time: Oct 17 16:19 +07
"BGACoreTests" time elapsed: 00:00:00
----------------------------------------------------------

End testing: Oct 17 16:19 +07
